2024-07-25 15:46:54 [-][-][-][error][yii\db\Exception] PDOException: SQLSTATE[HY000] [2002] Connection refused in /app/vendor/yiisoft/yii2/db/Connection.php:722
Stack trace:
#0 /app/vendor/yiisoft/yii2/db/Connection.php(722): PDO->__construct('mysql:host=api-...', 'root', Object(SensitiveParameterValue), NULL)
#1 /app/vendor/yiisoft/yii2/db/Connection.php(637): yii\db\Connection->createPdoInstance()
#2 /app/vendor/yiisoft/yii2/db/Connection.php(1067): yii\db\Connection->open()
#3 /app/vendor/yiisoft/yii2/db/Connection.php(1054): yii\db\Connection->getMasterPdo()
#4 /app/vendor/yiisoft/yii2/db/Command.php(261): yii\db\Connection->getSlavePdo(true)
#5 /app/vendor/yiisoft/yii2/db/Command.php(1181): yii\db\Command->prepare(true)
#6 /app/vendor/yiisoft/yii2/db/Command.php(417): yii\db\Command->queryInternal('fetchAll', NULL)
#7 /app/vendor/yiisoft/yii2/db/mysql/Schema.php(366): yii\db\Command->queryAll()
#8 /app/vendor/yiisoft/yii2/db/mysql/Schema.php(134): yii\db\mysql\Schema->findColumns(Object(yii\db\TableSchema))
#9 /app/vendor/yiisoft/yii2/db/Schema.php(756): yii\db\mysql\Schema->loadTableSchema('migration')
#10 /app/vendor/yiisoft/yii2/db/Schema.php(192): yii\db\Schema->getTableMetadata('{{%migration}}', 'schema', true)
#11 /app/vendor/yiisoft/yii2/console/controllers/MigrateController.php(369): yii\db\Schema->getTableSchema('{{%migration}}', true)
#12 /app/vendor/yiisoft/yii2/console/controllers/BaseMigrateController.php(657): yii\console\controllers\MigrateController->getMigrationNameLimit()
#13 [internal function]: yii\console\controllers\BaseMigrateController->actionCreate('update_banc_tab...')
#14 /app/vendor/yiisoft/yii2/base/InlineAction.php(57): call_user_func_array(Array, Array)
#15 /app/vendor/yiisoft/yii2/base/Controller.php(178): yii\base\InlineAction->runWithParams(Array)
#16 /app/vendor/yiisoft/yii2/console/Controller.php(180): yii\base\Controller->runAction('create', Array)
#17 /app/vendor/yiisoft/yii2/base/Module.php(552): yii\console\Controller->runAction('create', Array)
#18 /app/vendor/yiisoft/yii2/console/Application.php(180): yii\base\Module->runAction('migrate/create', Array)
#19 /app/vendor/yiisoft/yii2/console/Application.php(147): yii\console\Application->runAction('migrate/create', Array)
#20 /app/vendor/yiisoft/yii2/base/Application.php(384): yii\console\Application->handleRequest(Object(yii\console\Request))
#21 /app/yii(20): yii\base\Application->run()
#22 {main}

Next yii\db\Exception: SQLSTATE[HY000] [2002] Connection refused in /app/vendor/yiisoft/yii2/db/Connection.php:648
Stack trace:
#0 /app/vendor/yiisoft/yii2/db/Connection.php(1067): yii\db\Connection->open()
#1 /app/vendor/yiisoft/yii2/db/Connection.php(1054): yii\db\Connection->getMasterPdo()
#2 /app/vendor/yiisoft/yii2/db/Command.php(261): yii\db\Connection->getSlavePdo(true)
#3 /app/vendor/yiisoft/yii2/db/Command.php(1181): yii\db\Command->prepare(true)
#4 /app/vendor/yiisoft/yii2/db/Command.php(417): yii\db\Command->queryInternal('fetchAll', NULL)
#5 /app/vendor/yiisoft/yii2/db/mysql/Schema.php(366): yii\db\Command->queryAll()
#6 /app/vendor/yiisoft/yii2/db/mysql/Schema.php(134): yii\db\mysql\Schema->findColumns(Object(yii\db\TableSchema))
#7 /app/vendor/yiisoft/yii2/db/Schema.php(756): yii\db\mysql\Schema->loadTableSchema('migration')
#8 /app/vendor/yiisoft/yii2/db/Schema.php(192): yii\db\Schema->getTableMetadata('{{%migration}}', 'schema', true)
#9 /app/vendor/yiisoft/yii2/console/controllers/MigrateController.php(369): yii\db\Schema->getTableSchema('{{%migration}}', true)
#10 /app/vendor/yiisoft/yii2/console/controllers/BaseMigrateController.php(657): yii\console\controllers\MigrateController->getMigrationNameLimit()
#11 [internal function]: yii\console\controllers\BaseMigrateController->actionCreate('update_banc_tab...')
#12 /app/vendor/yiisoft/yii2/base/InlineAction.php(57): call_user_func_array(Array, Array)
#13 /app/vendor/yiisoft/yii2/base/Controller.php(178): yii\base\InlineAction->runWithParams(Array)
#14 /app/vendor/yiisoft/yii2/console/Controller.php(180): yii\base\Controller->runAction('create', Array)
#15 /app/vendor/yiisoft/yii2/base/Module.php(552): yii\console\Controller->runAction('create', Array)
#16 /app/vendor/yiisoft/yii2/console/Application.php(180): yii\base\Module->runAction('migrate/create', Array)
#17 /app/vendor/yiisoft/yii2/console/Application.php(147): yii\console\Application->runAction('migrate/create', Array)
#18 /app/vendor/yiisoft/yii2/base/Application.php(384): yii\console\Application->handleRequest(Object(yii\console\Request))
#19 /app/yii(20): yii\base\Application->run()
#20 {main}
Additional Information:
Array
(
    [0] => HY000
    [1] => 2002
    [2] => Connection refused
)

2024-07-25 15:46:53 [-][-][-][info][application] $_GET = []

$_POST = []

$_FILES = []

$_COOKIE = []

$_SERVER = [
    'PHP_ENABLE_XDEBUG' => '0'
    'PHP_USER_ID' => '33'
    'HOSTNAME' => '39d6632cce87'
    'PHP_VERSION' => '8.2.21'
    'APACHE_CONFDIR' => '/etc/apache2'
    'PHP_INI_DIR' => '/usr/local/etc/php'
    'GPG_KEYS' => '39B641343D8C104B2B146DC3F9C39DC0B9698544 E60913E4DF209907D8E30D96659A97C9CF2A795A 1198C0117593497A5EC5C199286AF1F9897469DC'
    'PHP_LDFLAGS' => '-Wl,-O1 -pie'
    'PWD' => '/app'
    'HOME' => '/root'
    'PHP_SHA256' => '8cc44d51bb2506399ec176f70fe110f0c9e1f7d852a5303a2cd1403402199707'
    'PHPIZE_DEPS' => 'autoconf 		dpkg-dev 		file 		g++ 		gcc 		libc-dev 		make 		pkg-config 		re2c'
    'TERM' => 'linux'
    'PHP_URL' => 'https://www.php.net/distributions/php-8.2.21.tar.xz'
    'SHLVL' => '1'
    'COMPOSER_ALLOW_SUPERUSER' => '1'
    'PHP_CFLAGS' => '-fstack-protector-strong -fpic -fpie -O2 -D_LARGEFILE_SOURCE -D_FILE_OFFSET_BITS=64'
    'APACHE_ENVVARS' => '/etc/apache2/envvars'
    'PATH' => '/app:/app/vendor/bin:/root/.composer/vendor/bin:/usr/local/sbin:/usr/local/bin:/usr/sbin:/usr/bin:/sbin:/bin'
    'PHP_ASC_URL' => 'https://www.php.net/distributions/php-8.2.21.tar.xz.asc'
    'PHP_CPPFLAGS' => '-fstack-protector-strong -fpic -fpie -O2 -D_LARGEFILE_SOURCE -D_FILE_OFFSET_BITS=64'
    '_' => './yii'
    'PHP_SELF' => './yii'
    'SCRIPT_NAME' => './yii'
    'SCRIPT_FILENAME' => './yii'
    'PATH_TRANSLATED' => './yii'
    'DOCUMENT_ROOT' => ''
    'REQUEST_TIME_FLOAT' => 1721922413.7557
    'REQUEST_TIME' => 1721922413
    'argv' => [
        0 => './yii'
        1 => 'migrate/create'
        2 => 'update_banc_table'
    ]
    'argc' => 3
    'YII_DEBUG' => 'true'
    'YII_ENV' => 'dev'
    'APP_URL' => 'http://localhost:8080'
    'APP_NAME' => 'Yii-REST-API'
    'APP_TIME_ZONE' => 'Asia/Shanghai'
    'APP_LANGUAGE' => 'zh-CN'
    'COOKIE_VALIDATION_KEY' => '123'
    'DB_DATABASE' => 'monaco'
    'DB_DSN' => ''
    'DB_HOST' => 'api-mysql-1'
    'DB_USERNAME' => 'root'
    'DB_PASSWORD' => 'root'
    'DB_PORT' => '3306'
    'DB_TABLE_PREFIX' => ''
    'ADMIN_EMAIL' => 'admin@gmail.com'
    'SENDER_EMAIL' => 'no-reply@gmail.com'
    'SENDER_NAME' => 'Yii-rest-api bot'
    'JWT_SECRET' => ''
    'SYMFONY_DOTENV_VARS' => 'YII_DEBUG,YII_ENV,APP_URL,APP_NAME,APP_TIME_ZONE,APP_LANGUAGE,COOKIE_VALIDATION_KEY,DB_DATABASE,DB_DSN,DB_HOST,DB_USERNAME,DB_PASSWORD,DB_PORT,DB_TABLE_PREFIX,ADMIN_EMAIL,SENDER_EMAIL,SENDER_NAME,JWT_SECRET'
]
2024-07-26 18:07:36 [-][-][-][error][yii\db\Exception] PDOException: SQLSTATE[HY000] [2002] Connection refused in /app/vendor/yiisoft/yii2/db/Connection.php:722
Stack trace:
#0 /app/vendor/yiisoft/yii2/db/Connection.php(722): PDO->__construct('mysql:host=api-...', 'root', Object(SensitiveParameterValue), NULL)
#1 /app/vendor/yiisoft/yii2/db/Connection.php(637): yii\db\Connection->createPdoInstance()
#2 /app/vendor/yiisoft/yii2/db/Connection.php(1067): yii\db\Connection->open()
#3 /app/vendor/yiisoft/yii2/db/Connection.php(1054): yii\db\Connection->getMasterPdo()
#4 /app/vendor/yiisoft/yii2/db/Command.php(261): yii\db\Connection->getSlavePdo(true)
#5 /app/vendor/yiisoft/yii2/db/Command.php(1181): yii\db\Command->prepare(true)
#6 /app/vendor/yiisoft/yii2/db/Command.php(417): yii\db\Command->queryInternal('fetchAll', NULL)
#7 /app/vendor/yiisoft/yii2/db/mysql/Schema.php(366): yii\db\Command->queryAll()
#8 /app/vendor/yiisoft/yii2/db/mysql/Schema.php(134): yii\db\mysql\Schema->findColumns(Object(yii\db\TableSchema))
#9 /app/vendor/yiisoft/yii2/db/Schema.php(756): yii\db\mysql\Schema->loadTableSchema('migration')
#10 /app/vendor/yiisoft/yii2/db/Schema.php(192): yii\db\Schema->getTableMetadata('{{%migration}}', 'schema', true)
#11 /app/vendor/yiisoft/yii2/console/controllers/MigrateController.php(211): yii\db\Schema->getTableSchema('{{%migration}}', true)
#12 /app/vendor/yiisoft/yii2/console/controllers/BaseMigrateController.php(908): yii\console\controllers\MigrateController->getMigrationHistory(NULL)
#13 /app/vendor/yiisoft/yii2/console/controllers/BaseMigrateController.php(183): yii\console\controllers\BaseMigrateController->getNewMigrations()
#14 [internal function]: yii\console\controllers\BaseMigrateController->actionUp(0)
#15 /app/vendor/yiisoft/yii2/base/InlineAction.php(57): call_user_func_array(Array, Array)
#16 /app/vendor/yiisoft/yii2/base/Controller.php(178): yii\base\InlineAction->runWithParams(Array)
#17 /app/vendor/yiisoft/yii2/console/Controller.php(180): yii\base\Controller->runAction('', Array)
#18 /app/vendor/yiisoft/yii2/base/Module.php(552): yii\console\Controller->runAction('', Array)
#19 /app/vendor/yiisoft/yii2/console/Application.php(180): yii\base\Module->runAction('migrate', Array)
#20 /app/vendor/yiisoft/yii2/console/Application.php(147): yii\console\Application->runAction('migrate', Array)
#21 /app/vendor/yiisoft/yii2/base/Application.php(384): yii\console\Application->handleRequest(Object(yii\console\Request))
#22 /app/yii(20): yii\base\Application->run()
#23 {main}

Next yii\db\Exception: SQLSTATE[HY000] [2002] Connection refused in /app/vendor/yiisoft/yii2/db/Connection.php:648
Stack trace:
#0 /app/vendor/yiisoft/yii2/db/Connection.php(1067): yii\db\Connection->open()
#1 /app/vendor/yiisoft/yii2/db/Connection.php(1054): yii\db\Connection->getMasterPdo()
#2 /app/vendor/yiisoft/yii2/db/Command.php(261): yii\db\Connection->getSlavePdo(true)
#3 /app/vendor/yiisoft/yii2/db/Command.php(1181): yii\db\Command->prepare(true)
#4 /app/vendor/yiisoft/yii2/db/Command.php(417): yii\db\Command->queryInternal('fetchAll', NULL)
#5 /app/vendor/yiisoft/yii2/db/mysql/Schema.php(366): yii\db\Command->queryAll()
#6 /app/vendor/yiisoft/yii2/db/mysql/Schema.php(134): yii\db\mysql\Schema->findColumns(Object(yii\db\TableSchema))
#7 /app/vendor/yiisoft/yii2/db/Schema.php(756): yii\db\mysql\Schema->loadTableSchema('migration')
#8 /app/vendor/yiisoft/yii2/db/Schema.php(192): yii\db\Schema->getTableMetadata('{{%migration}}', 'schema', true)
#9 /app/vendor/yiisoft/yii2/console/controllers/MigrateController.php(211): yii\db\Schema->getTableSchema('{{%migration}}', true)
#10 /app/vendor/yiisoft/yii2/console/controllers/BaseMigrateController.php(908): yii\console\controllers\MigrateController->getMigrationHistory(NULL)
#11 /app/vendor/yiisoft/yii2/console/controllers/BaseMigrateController.php(183): yii\console\controllers\BaseMigrateController->getNewMigrations()
#12 [internal function]: yii\console\controllers\BaseMigrateController->actionUp(0)
#13 /app/vendor/yiisoft/yii2/base/InlineAction.php(57): call_user_func_array(Array, Array)
#14 /app/vendor/yiisoft/yii2/base/Controller.php(178): yii\base\InlineAction->runWithParams(Array)
#15 /app/vendor/yiisoft/yii2/console/Controller.php(180): yii\base\Controller->runAction('', Array)
#16 /app/vendor/yiisoft/yii2/base/Module.php(552): yii\console\Controller->runAction('', Array)
#17 /app/vendor/yiisoft/yii2/console/Application.php(180): yii\base\Module->runAction('migrate', Array)
#18 /app/vendor/yiisoft/yii2/console/Application.php(147): yii\console\Application->runAction('migrate', Array)
#19 /app/vendor/yiisoft/yii2/base/Application.php(384): yii\console\Application->handleRequest(Object(yii\console\Request))
#20 /app/yii(20): yii\base\Application->run()
#21 {main}
Additional Information:
Array
(
    [0] => HY000
    [1] => 2002
    [2] => Connection refused
)

2024-07-26 18:07:36 [-][-][-][info][application] $_GET = []

$_POST = []

$_FILES = []

$_COOKIE = []

$_SERVER = [
    'PHP_ENABLE_XDEBUG' => '0'
    'PHP_USER_ID' => '33'
    'HOSTNAME' => '4ec42f73b496'
    'PHP_VERSION' => '8.2.21'
    'APACHE_CONFDIR' => '/etc/apache2'
    'PHP_INI_DIR' => '/usr/local/etc/php'
    'GPG_KEYS' => '39B641343D8C104B2B146DC3F9C39DC0B9698544 E60913E4DF209907D8E30D96659A97C9CF2A795A 1198C0117593497A5EC5C199286AF1F9897469DC'
    'PHP_LDFLAGS' => '-Wl,-O1 -pie'
    'PWD' => '/app'
    'HOME' => '/root'
    'PHP_SHA256' => '8cc44d51bb2506399ec176f70fe110f0c9e1f7d852a5303a2cd1403402199707'
    'PHPIZE_DEPS' => 'autoconf 		dpkg-dev 		file 		g++ 		gcc 		libc-dev 		make 		pkg-config 		re2c'
    'TERM' => 'linux'
    'PHP_URL' => 'https://www.php.net/distributions/php-8.2.21.tar.xz'
    'SHLVL' => '1'
    'COMPOSER_ALLOW_SUPERUSER' => '1'
    'PHP_CFLAGS' => '-fstack-protector-strong -fpic -fpie -O2 -D_LARGEFILE_SOURCE -D_FILE_OFFSET_BITS=64'
    'APACHE_ENVVARS' => '/etc/apache2/envvars'
    'PATH' => '/app:/app/vendor/bin:/root/.composer/vendor/bin:/usr/local/sbin:/usr/local/bin:/usr/sbin:/usr/bin:/sbin:/bin'
    'PHP_ASC_URL' => 'https://www.php.net/distributions/php-8.2.21.tar.xz.asc'
    'PHP_CPPFLAGS' => '-fstack-protector-strong -fpic -fpie -O2 -D_LARGEFILE_SOURCE -D_FILE_OFFSET_BITS=64'
    '_' => './yii'
    'PHP_SELF' => './yii'
    'SCRIPT_NAME' => './yii'
    'SCRIPT_FILENAME' => './yii'
    'PATH_TRANSLATED' => './yii'
    'DOCUMENT_ROOT' => ''
    'REQUEST_TIME_FLOAT' => 1722017256.6247
    'REQUEST_TIME' => 1722017256
    'argv' => [
        0 => './yii'
        1 => 'migrate'
    ]
    'argc' => 2
    'YII_DEBUG' => 'true'
    'YII_ENV' => 'dev'
    'APP_URL' => 'http://localhost:8080'
    'APP_NAME' => 'Yii-REST-API'
    'APP_TIME_ZONE' => 'Asia/Shanghai'
    'APP_LANGUAGE' => 'zh-CN'
    'COOKIE_VALIDATION_KEY' => '123'
    'DB_DATABASE' => 'monaco'
    'DB_DSN' => ''
    'DB_HOST' => 'api-mysql-1'
    'DB_USERNAME' => 'root'
    'DB_PASSWORD' => 'root'
    'DB_PORT' => '3306'
    'DB_TABLE_PREFIX' => ''
    'ADMIN_EMAIL' => 'admin@gmail.com'
    'SENDER_EMAIL' => 'no-reply@gmail.com'
    'SENDER_NAME' => 'Yii-rest-api bot'
    'JWT_SECRET' => ''
    'SYMFONY_DOTENV_VARS' => 'YII_DEBUG,YII_ENV,APP_URL,APP_NAME,APP_TIME_ZONE,APP_LANGUAGE,COOKIE_VALIDATION_KEY,DB_DATABASE,DB_DSN,DB_HOST,DB_USERNAME,DB_PASSWORD,DB_PORT,DB_TABLE_PREFIX,ADMIN_EMAIL,SENDER_EMAIL,SENDER_NAME,JWT_SECRET'
]
2024-07-26 18:08:57 [-][-][-][error][yii\db\Exception] PDOException: SQLSTATE[HY000] [1049] Unknown database 'monaco' in /app/vendor/yiisoft/yii2/db/Connection.php:722
Stack trace:
#0 /app/vendor/yiisoft/yii2/db/Connection.php(722): PDO->__construct('mysql:host=api-...', 'root', Object(SensitiveParameterValue), NULL)
#1 /app/vendor/yiisoft/yii2/db/Connection.php(637): yii\db\Connection->createPdoInstance()
#2 /app/vendor/yiisoft/yii2/db/Connection.php(1067): yii\db\Connection->open()
#3 /app/vendor/yiisoft/yii2/db/Connection.php(1054): yii\db\Connection->getMasterPdo()
#4 /app/vendor/yiisoft/yii2/db/Command.php(261): yii\db\Connection->getSlavePdo(true)
#5 /app/vendor/yiisoft/yii2/db/Command.php(1181): yii\db\Command->prepare(true)
#6 /app/vendor/yiisoft/yii2/db/Command.php(417): yii\db\Command->queryInternal('fetchAll', NULL)
#7 /app/vendor/yiisoft/yii2/db/mysql/Schema.php(366): yii\db\Command->queryAll()
#8 /app/vendor/yiisoft/yii2/db/mysql/Schema.php(134): yii\db\mysql\Schema->findColumns(Object(yii\db\TableSchema))
#9 /app/vendor/yiisoft/yii2/db/Schema.php(756): yii\db\mysql\Schema->loadTableSchema('migration')
#10 /app/vendor/yiisoft/yii2/db/Schema.php(192): yii\db\Schema->getTableMetadata('{{%migration}}', 'schema', true)
#11 /app/vendor/yiisoft/yii2/console/controllers/MigrateController.php(211): yii\db\Schema->getTableSchema('{{%migration}}', true)
#12 /app/vendor/yiisoft/yii2/console/controllers/BaseMigrateController.php(908): yii\console\controllers\MigrateController->getMigrationHistory(NULL)
#13 /app/vendor/yiisoft/yii2/console/controllers/BaseMigrateController.php(183): yii\console\controllers\BaseMigrateController->getNewMigrations()
#14 [internal function]: yii\console\controllers\BaseMigrateController->actionUp(0)
#15 /app/vendor/yiisoft/yii2/base/InlineAction.php(57): call_user_func_array(Array, Array)
#16 /app/vendor/yiisoft/yii2/base/Controller.php(178): yii\base\InlineAction->runWithParams(Array)
#17 /app/vendor/yiisoft/yii2/console/Controller.php(180): yii\base\Controller->runAction('', Array)
#18 /app/vendor/yiisoft/yii2/base/Module.php(552): yii\console\Controller->runAction('', Array)
#19 /app/vendor/yiisoft/yii2/console/Application.php(180): yii\base\Module->runAction('migrate', Array)
#20 /app/vendor/yiisoft/yii2/console/Application.php(147): yii\console\Application->runAction('migrate', Array)
#21 /app/vendor/yiisoft/yii2/base/Application.php(384): yii\console\Application->handleRequest(Object(yii\console\Request))
#22 /app/yii(20): yii\base\Application->run()
#23 {main}

Next yii\db\Exception: SQLSTATE[HY000] [1049] Unknown database 'monaco' in /app/vendor/yiisoft/yii2/db/Connection.php:648
Stack trace:
#0 /app/vendor/yiisoft/yii2/db/Connection.php(1067): yii\db\Connection->open()
#1 /app/vendor/yiisoft/yii2/db/Connection.php(1054): yii\db\Connection->getMasterPdo()
#2 /app/vendor/yiisoft/yii2/db/Command.php(261): yii\db\Connection->getSlavePdo(true)
#3 /app/vendor/yiisoft/yii2/db/Command.php(1181): yii\db\Command->prepare(true)
#4 /app/vendor/yiisoft/yii2/db/Command.php(417): yii\db\Command->queryInternal('fetchAll', NULL)
#5 /app/vendor/yiisoft/yii2/db/mysql/Schema.php(366): yii\db\Command->queryAll()
#6 /app/vendor/yiisoft/yii2/db/mysql/Schema.php(134): yii\db\mysql\Schema->findColumns(Object(yii\db\TableSchema))
#7 /app/vendor/yiisoft/yii2/db/Schema.php(756): yii\db\mysql\Schema->loadTableSchema('migration')
#8 /app/vendor/yiisoft/yii2/db/Schema.php(192): yii\db\Schema->getTableMetadata('{{%migration}}', 'schema', true)
#9 /app/vendor/yiisoft/yii2/console/controllers/MigrateController.php(211): yii\db\Schema->getTableSchema('{{%migration}}', true)
#10 /app/vendor/yiisoft/yii2/console/controllers/BaseMigrateController.php(908): yii\console\controllers\MigrateController->getMigrationHistory(NULL)
#11 /app/vendor/yiisoft/yii2/console/controllers/BaseMigrateController.php(183): yii\console\controllers\BaseMigrateController->getNewMigrations()
#12 [internal function]: yii\console\controllers\BaseMigrateController->actionUp(0)
#13 /app/vendor/yiisoft/yii2/base/InlineAction.php(57): call_user_func_array(Array, Array)
#14 /app/vendor/yiisoft/yii2/base/Controller.php(178): yii\base\InlineAction->runWithParams(Array)
#15 /app/vendor/yiisoft/yii2/console/Controller.php(180): yii\base\Controller->runAction('', Array)
#16 /app/vendor/yiisoft/yii2/base/Module.php(552): yii\console\Controller->runAction('', Array)
#17 /app/vendor/yiisoft/yii2/console/Application.php(180): yii\base\Module->runAction('migrate', Array)
#18 /app/vendor/yiisoft/yii2/console/Application.php(147): yii\console\Application->runAction('migrate', Array)
#19 /app/vendor/yiisoft/yii2/base/Application.php(384): yii\console\Application->handleRequest(Object(yii\console\Request))
#20 /app/yii(20): yii\base\Application->run()
#21 {main}
Additional Information:
Array
(
    [0] => HY000
    [1] => 1049
    [2] => Unknown database 'monaco'
)

2024-07-26 18:08:57 [-][-][-][info][application] $_GET = []

$_POST = []

$_FILES = []

$_COOKIE = []

$_SERVER = [
    'PHP_ENABLE_XDEBUG' => '0'
    'PHP_USER_ID' => '33'
    'HOSTNAME' => '4ec42f73b496'
    'PHP_VERSION' => '8.2.21'
    'APACHE_CONFDIR' => '/etc/apache2'
    'PHP_INI_DIR' => '/usr/local/etc/php'
    'GPG_KEYS' => '39B641343D8C104B2B146DC3F9C39DC0B9698544 E60913E4DF209907D8E30D96659A97C9CF2A795A 1198C0117593497A5EC5C199286AF1F9897469DC'
    'PHP_LDFLAGS' => '-Wl,-O1 -pie'
    'PWD' => '/app'
    'HOME' => '/root'
    'PHP_SHA256' => '8cc44d51bb2506399ec176f70fe110f0c9e1f7d852a5303a2cd1403402199707'
    'PHPIZE_DEPS' => 'autoconf 		dpkg-dev 		file 		g++ 		gcc 		libc-dev 		make 		pkg-config 		re2c'
    'TERM' => 'linux'
    'PHP_URL' => 'https://www.php.net/distributions/php-8.2.21.tar.xz'
    'SHLVL' => '1'
    'COMPOSER_ALLOW_SUPERUSER' => '1'
    'PHP_CFLAGS' => '-fstack-protector-strong -fpic -fpie -O2 -D_LARGEFILE_SOURCE -D_FILE_OFFSET_BITS=64'
    'APACHE_ENVVARS' => '/etc/apache2/envvars'
    'PATH' => '/app:/app/vendor/bin:/root/.composer/vendor/bin:/usr/local/sbin:/usr/local/bin:/usr/sbin:/usr/bin:/sbin:/bin'
    'PHP_ASC_URL' => 'https://www.php.net/distributions/php-8.2.21.tar.xz.asc'
    'PHP_CPPFLAGS' => '-fstack-protector-strong -fpic -fpie -O2 -D_LARGEFILE_SOURCE -D_FILE_OFFSET_BITS=64'
    '_' => './yii'
    'PHP_SELF' => './yii'
    'SCRIPT_NAME' => './yii'
    'SCRIPT_FILENAME' => './yii'
    'PATH_TRANSLATED' => './yii'
    'DOCUMENT_ROOT' => ''
    'REQUEST_TIME_FLOAT' => 1722017337.4497
    'REQUEST_TIME' => 1722017337
    'argv' => [
        0 => './yii'
        1 => 'migrate'
    ]
    'argc' => 2
    'YII_DEBUG' => 'true'
    'YII_ENV' => 'dev'
    'APP_URL' => 'http://localhost:8080'
    'APP_NAME' => 'Yii-REST-API'
    'APP_TIME_ZONE' => 'Asia/Shanghai'
    'APP_LANGUAGE' => 'zh-CN'
    'COOKIE_VALIDATION_KEY' => '123'
    'DB_DATABASE' => 'monaco'
    'DB_DSN' => ''
    'DB_HOST' => 'api-mysql-1'
    'DB_USERNAME' => 'root'
    'DB_PASSWORD' => 'root'
    'DB_PORT' => '3306'
    'DB_TABLE_PREFIX' => ''
    'ADMIN_EMAIL' => 'admin@gmail.com'
    'SENDER_EMAIL' => 'no-reply@gmail.com'
    'SENDER_NAME' => 'Yii-rest-api bot'
    'JWT_SECRET' => ''
    'SYMFONY_DOTENV_VARS' => 'YII_DEBUG,YII_ENV,APP_URL,APP_NAME,APP_TIME_ZONE,APP_LANGUAGE,COOKIE_VALIDATION_KEY,DB_DATABASE,DB_DSN,DB_HOST,DB_USERNAME,DB_PASSWORD,DB_PORT,DB_TABLE_PREFIX,ADMIN_EMAIL,SENDER_EMAIL,SENDER_NAME,JWT_SECRET'
]
2024-07-26 18:14:11 [-][-][-][error][yii\db\Exception] PDOException: SQLSTATE[HY000] [2002] Connection refused in /app/vendor/yiisoft/yii2/db/Connection.php:722
Stack trace:
#0 /app/vendor/yiisoft/yii2/db/Connection.php(722): PDO->__construct('mysql:host=api-...', 'root', Object(SensitiveParameterValue), NULL)
#1 /app/vendor/yiisoft/yii2/db/Connection.php(637): yii\db\Connection->createPdoInstance()
#2 /app/vendor/yiisoft/yii2/db/Connection.php(1067): yii\db\Connection->open()
#3 /app/vendor/yiisoft/yii2/db/Connection.php(1054): yii\db\Connection->getMasterPdo()
#4 /app/vendor/yiisoft/yii2/db/Command.php(261): yii\db\Connection->getSlavePdo(true)
#5 /app/vendor/yiisoft/yii2/db/Command.php(1181): yii\db\Command->prepare(true)
#6 /app/vendor/yiisoft/yii2/db/Command.php(417): yii\db\Command->queryInternal('fetchAll', NULL)
#7 /app/vendor/yiisoft/yii2/db/mysql/Schema.php(366): yii\db\Command->queryAll()
#8 /app/vendor/yiisoft/yii2/db/mysql/Schema.php(134): yii\db\mysql\Schema->findColumns(Object(yii\db\TableSchema))
#9 /app/vendor/yiisoft/yii2/db/Schema.php(756): yii\db\mysql\Schema->loadTableSchema('migration')
#10 /app/vendor/yiisoft/yii2/db/Schema.php(192): yii\db\Schema->getTableMetadata('{{%migration}}', 'schema', true)
#11 /app/vendor/yiisoft/yii2/console/controllers/MigrateController.php(211): yii\db\Schema->getTableSchema('{{%migration}}', true)
#12 /app/vendor/yiisoft/yii2/console/controllers/BaseMigrateController.php(908): yii\console\controllers\MigrateController->getMigrationHistory(NULL)
#13 /app/vendor/yiisoft/yii2/console/controllers/BaseMigrateController.php(183): yii\console\controllers\BaseMigrateController->getNewMigrations()
#14 [internal function]: yii\console\controllers\BaseMigrateController->actionUp(0)
#15 /app/vendor/yiisoft/yii2/base/InlineAction.php(57): call_user_func_array(Array, Array)
#16 /app/vendor/yiisoft/yii2/base/Controller.php(178): yii\base\InlineAction->runWithParams(Array)
#17 /app/vendor/yiisoft/yii2/console/Controller.php(180): yii\base\Controller->runAction('', Array)
#18 /app/vendor/yiisoft/yii2/base/Module.php(552): yii\console\Controller->runAction('', Array)
#19 /app/vendor/yiisoft/yii2/console/Application.php(180): yii\base\Module->runAction('migrate', Array)
#20 /app/vendor/yiisoft/yii2/console/Application.php(147): yii\console\Application->runAction('migrate', Array)
#21 /app/vendor/yiisoft/yii2/base/Application.php(384): yii\console\Application->handleRequest(Object(yii\console\Request))
#22 /app/yii(20): yii\base\Application->run()
#23 {main}

Next yii\db\Exception: SQLSTATE[HY000] [2002] Connection refused in /app/vendor/yiisoft/yii2/db/Connection.php:648
Stack trace:
#0 /app/vendor/yiisoft/yii2/db/Connection.php(1067): yii\db\Connection->open()
#1 /app/vendor/yiisoft/yii2/db/Connection.php(1054): yii\db\Connection->getMasterPdo()
#2 /app/vendor/yiisoft/yii2/db/Command.php(261): yii\db\Connection->getSlavePdo(true)
#3 /app/vendor/yiisoft/yii2/db/Command.php(1181): yii\db\Command->prepare(true)
#4 /app/vendor/yiisoft/yii2/db/Command.php(417): yii\db\Command->queryInternal('fetchAll', NULL)
#5 /app/vendor/yiisoft/yii2/db/mysql/Schema.php(366): yii\db\Command->queryAll()
#6 /app/vendor/yiisoft/yii2/db/mysql/Schema.php(134): yii\db\mysql\Schema->findColumns(Object(yii\db\TableSchema))
#7 /app/vendor/yiisoft/yii2/db/Schema.php(756): yii\db\mysql\Schema->loadTableSchema('migration')
#8 /app/vendor/yiisoft/yii2/db/Schema.php(192): yii\db\Schema->getTableMetadata('{{%migration}}', 'schema', true)
#9 /app/vendor/yiisoft/yii2/console/controllers/MigrateController.php(211): yii\db\Schema->getTableSchema('{{%migration}}', true)
#10 /app/vendor/yiisoft/yii2/console/controllers/BaseMigrateController.php(908): yii\console\controllers\MigrateController->getMigrationHistory(NULL)
#11 /app/vendor/yiisoft/yii2/console/controllers/BaseMigrateController.php(183): yii\console\controllers\BaseMigrateController->getNewMigrations()
#12 [internal function]: yii\console\controllers\BaseMigrateController->actionUp(0)
#13 /app/vendor/yiisoft/yii2/base/InlineAction.php(57): call_user_func_array(Array, Array)
#14 /app/vendor/yiisoft/yii2/base/Controller.php(178): yii\base\InlineAction->runWithParams(Array)
#15 /app/vendor/yiisoft/yii2/console/Controller.php(180): yii\base\Controller->runAction('', Array)
#16 /app/vendor/yiisoft/yii2/base/Module.php(552): yii\console\Controller->runAction('', Array)
#17 /app/vendor/yiisoft/yii2/console/Application.php(180): yii\base\Module->runAction('migrate', Array)
#18 /app/vendor/yiisoft/yii2/console/Application.php(147): yii\console\Application->runAction('migrate', Array)
#19 /app/vendor/yiisoft/yii2/base/Application.php(384): yii\console\Application->handleRequest(Object(yii\console\Request))
#20 /app/yii(20): yii\base\Application->run()
#21 {main}
Additional Information:
Array
(
    [0] => HY000
    [1] => 2002
    [2] => Connection refused
)

2024-07-26 18:14:07 [-][-][-][info][application] $_GET = []

$_POST = []

$_FILES = []

$_COOKIE = []

$_SERVER = [
    'PHP_ENABLE_XDEBUG' => '0'
    'PHP_USER_ID' => '33'
    'HOSTNAME' => 'a6c6de1e5edb'
    'PHP_VERSION' => '8.2.21'
    'APACHE_CONFDIR' => '/etc/apache2'
    'PHP_INI_DIR' => '/usr/local/etc/php'
    'GPG_KEYS' => '39B641343D8C104B2B146DC3F9C39DC0B9698544 E60913E4DF209907D8E30D96659A97C9CF2A795A 1198C0117593497A5EC5C199286AF1F9897469DC'
    'PHP_LDFLAGS' => '-Wl,-O1 -pie'
    'PWD' => '/app'
    'HOME' => '/root'
    'PHP_SHA256' => '8cc44d51bb2506399ec176f70fe110f0c9e1f7d852a5303a2cd1403402199707'
    'PHPIZE_DEPS' => 'autoconf 		dpkg-dev 		file 		g++ 		gcc 		libc-dev 		make 		pkg-config 		re2c'
    'TERM' => 'linux'
    'PHP_URL' => 'https://www.php.net/distributions/php-8.2.21.tar.xz'
    'SHLVL' => '1'
    'COMPOSER_ALLOW_SUPERUSER' => '1'
    'PHP_CFLAGS' => '-fstack-protector-strong -fpic -fpie -O2 -D_LARGEFILE_SOURCE -D_FILE_OFFSET_BITS=64'
    'APACHE_ENVVARS' => '/etc/apache2/envvars'
    'PATH' => '/app:/app/vendor/bin:/root/.composer/vendor/bin:/usr/local/sbin:/usr/local/bin:/usr/sbin:/usr/bin:/sbin:/bin'
    'PHP_ASC_URL' => 'https://www.php.net/distributions/php-8.2.21.tar.xz.asc'
    'PHP_CPPFLAGS' => '-fstack-protector-strong -fpic -fpie -O2 -D_LARGEFILE_SOURCE -D_FILE_OFFSET_BITS=64'
    '_' => './yii'
    'PHP_SELF' => './yii'
    'SCRIPT_NAME' => './yii'
    'SCRIPT_FILENAME' => './yii'
    'PATH_TRANSLATED' => './yii'
    'DOCUMENT_ROOT' => ''
    'REQUEST_TIME_FLOAT' => 1722017644.1592
    'REQUEST_TIME' => 1722017644
    'argv' => [
        0 => './yii'
        1 => 'migrate'
    ]
    'argc' => 2
    'YII_DEBUG' => 'true'
    'YII_ENV' => 'dev'
    'APP_URL' => 'http://localhost:8080'
    'APP_NAME' => 'Yii-REST-API'
    'APP_TIME_ZONE' => 'Asia/Shanghai'
    'APP_LANGUAGE' => 'zh-CN'
    'COOKIE_VALIDATION_KEY' => '123'
    'DB_DATABASE' => 'monaco'
    'DB_DSN' => ''
    'DB_HOST' => 'api-mysql-1'
    'DB_USERNAME' => 'root'
    'DB_PASSWORD' => 'root'
    'DB_PORT' => '3306'
    'DB_TABLE_PREFIX' => ''
    'ADMIN_EMAIL' => 'admin@gmail.com'
    'SENDER_EMAIL' => 'no-reply@gmail.com'
    'SENDER_NAME' => 'Yii-rest-api bot'
    'JWT_SECRET' => ''
    'SYMFONY_DOTENV_VARS' => 'YII_DEBUG,YII_ENV,APP_URL,APP_NAME,APP_TIME_ZONE,APP_LANGUAGE,COOKIE_VALIDATION_KEY,DB_DATABASE,DB_DSN,DB_HOST,DB_USERNAME,DB_PASSWORD,DB_PORT,DB_TABLE_PREFIX,ADMIN_EMAIL,SENDER_EMAIL,SENDER_NAME,JWT_SECRET'
]
2024-07-26 19:13:09 [-][-][-][error][yii\db\Exception] PDOException: PDO::__construct(): php_network_getaddresses: getaddrinfo failed: Temporary failure in name resolution in /app/vendor/yiisoft/yii2/db/Connection.php:722
Stack trace:
#0 /app/vendor/yiisoft/yii2/db/Connection.php(722): PDO->__construct('mysql:host=back...', 'root', 'root', NULL)
#1 /app/vendor/yiisoft/yii2/db/Connection.php(637): yii\db\Connection->createPdoInstance()
#2 /app/vendor/yiisoft/yii2/db/Connection.php(1067): yii\db\Connection->open()
#3 /app/vendor/yiisoft/yii2/db/Connection.php(1054): yii\db\Connection->getMasterPdo()
#4 /app/vendor/yiisoft/yii2/db/Command.php(261): yii\db\Connection->getSlavePdo(true)
#5 /app/vendor/yiisoft/yii2/db/Command.php(1181): yii\db\Command->prepare(true)
#6 /app/vendor/yiisoft/yii2/db/Command.php(417): yii\db\Command->queryInternal('fetchAll', NULL)
#7 /app/vendor/yiisoft/yii2/db/mysql/Schema.php(366): yii\db\Command->queryAll()
#8 /app/vendor/yiisoft/yii2/db/mysql/Schema.php(134): yii\db\mysql\Schema->findColumns(Object(yii\db\TableSchema))
#9 /app/vendor/yiisoft/yii2/db/Schema.php(756): yii\db\mysql\Schema->loadTableSchema('migration')
#10 /app/vendor/yiisoft/yii2/db/Schema.php(192): yii\db\Schema->getTableMetadata('{{%migration}}', 'schema', true)
#11 /app/vendor/yiisoft/yii2/console/controllers/MigrateController.php(211): yii\db\Schema->getTableSchema('{{%migration}}', true)
#12 /app/vendor/yiisoft/yii2/console/controllers/BaseMigrateController.php(908): yii\console\controllers\MigrateController->getMigrationHistory(NULL)
#13 /app/vendor/yiisoft/yii2/console/controllers/BaseMigrateController.php(183): yii\console\controllers\BaseMigrateController->getNewMigrations()
#14 [internal function]: yii\console\controllers\BaseMigrateController->actionUp(0)
#15 /app/vendor/yiisoft/yii2/base/InlineAction.php(57): call_user_func_array(Array, Array)
#16 /app/vendor/yiisoft/yii2/base/Controller.php(178): yii\base\InlineAction->runWithParams(Array)
#17 /app/vendor/yiisoft/yii2/console/Controller.php(180): yii\base\Controller->runAction('', Array)
#18 /app/vendor/yiisoft/yii2/base/Module.php(552): yii\console\Controller->runAction('', Array)
#19 /app/vendor/yiisoft/yii2/console/Application.php(180): yii\base\Module->runAction('migrate', Array)
#20 /app/vendor/yiisoft/yii2/console/Application.php(147): yii\console\Application->runAction('migrate', Array)
#21 /app/vendor/yiisoft/yii2/base/Application.php(384): yii\console\Application->handleRequest(Object(yii\console\Request))
#22 /app/yii(20): yii\base\Application->run()
#23 {main}

Next PDOException: SQLSTATE[HY000] [2002] php_network_getaddresses: getaddrinfo failed: Temporary failure in name resolution in /app/vendor/yiisoft/yii2/db/Connection.php:722
Stack trace:
#0 /app/vendor/yiisoft/yii2/db/Connection.php(722): PDO->__construct('mysql:host=back...', 'root', 'root', NULL)
#1 /app/vendor/yiisoft/yii2/db/Connection.php(637): yii\db\Connection->createPdoInstance()
#2 /app/vendor/yiisoft/yii2/db/Connection.php(1067): yii\db\Connection->open()
#3 /app/vendor/yiisoft/yii2/db/Connection.php(1054): yii\db\Connection->getMasterPdo()
#4 /app/vendor/yiisoft/yii2/db/Command.php(261): yii\db\Connection->getSlavePdo(true)
#5 /app/vendor/yiisoft/yii2/db/Command.php(1181): yii\db\Command->prepare(true)
#6 /app/vendor/yiisoft/yii2/db/Command.php(417): yii\db\Command->queryInternal('fetchAll', NULL)
#7 /app/vendor/yiisoft/yii2/db/mysql/Schema.php(366): yii\db\Command->queryAll()
#8 /app/vendor/yiisoft/yii2/db/mysql/Schema.php(134): yii\db\mysql\Schema->findColumns(Object(yii\db\TableSchema))
#9 /app/vendor/yiisoft/yii2/db/Schema.php(756): yii\db\mysql\Schema->loadTableSchema('migration')
#10 /app/vendor/yiisoft/yii2/db/Schema.php(192): yii\db\Schema->getTableMetadata('{{%migration}}', 'schema', true)
#11 /app/vendor/yiisoft/yii2/console/controllers/MigrateController.php(211): yii\db\Schema->getTableSchema('{{%migration}}', true)
#12 /app/vendor/yiisoft/yii2/console/controllers/BaseMigrateController.php(908): yii\console\controllers\MigrateController->getMigrationHistory(NULL)
#13 /app/vendor/yiisoft/yii2/console/controllers/BaseMigrateController.php(183): yii\console\controllers\BaseMigrateController->getNewMigrations()
#14 [internal function]: yii\console\controllers\BaseMigrateController->actionUp(0)
#15 /app/vendor/yiisoft/yii2/base/InlineAction.php(57): call_user_func_array(Array, Array)
#16 /app/vendor/yiisoft/yii2/base/Controller.php(178): yii\base\InlineAction->runWithParams(Array)
#17 /app/vendor/yiisoft/yii2/console/Controller.php(180): yii\base\Controller->runAction('', Array)
#18 /app/vendor/yiisoft/yii2/base/Module.php(552): yii\console\Controller->runAction('', Array)
#19 /app/vendor/yiisoft/yii2/console/Application.php(180): yii\base\Module->runAction('migrate', Array)
#20 /app/vendor/yiisoft/yii2/console/Application.php(147): yii\console\Application->runAction('migrate', Array)
#21 /app/vendor/yiisoft/yii2/base/Application.php(384): yii\console\Application->handleRequest(Object(yii\console\Request))
#22 /app/yii(20): yii\base\Application->run()
#23 {main}

Next yii\db\Exception: SQLSTATE[HY000] [2002] php_network_getaddresses: getaddrinfo failed: Temporary failure in name resolution in /app/vendor/yiisoft/yii2/db/Connection.php:648
Stack trace:
#0 /app/vendor/yiisoft/yii2/db/Connection.php(1067): yii\db\Connection->open()
#1 /app/vendor/yiisoft/yii2/db/Connection.php(1054): yii\db\Connection->getMasterPdo()
#2 /app/vendor/yiisoft/yii2/db/Command.php(261): yii\db\Connection->getSlavePdo(true)
#3 /app/vendor/yiisoft/yii2/db/Command.php(1181): yii\db\Command->prepare(true)
#4 /app/vendor/yiisoft/yii2/db/Command.php(417): yii\db\Command->queryInternal('fetchAll', NULL)
#5 /app/vendor/yiisoft/yii2/db/mysql/Schema.php(366): yii\db\Command->queryAll()
#6 /app/vendor/yiisoft/yii2/db/mysql/Schema.php(134): yii\db\mysql\Schema->findColumns(Object(yii\db\TableSchema))
#7 /app/vendor/yiisoft/yii2/db/Schema.php(756): yii\db\mysql\Schema->loadTableSchema('migration')
#8 /app/vendor/yiisoft/yii2/db/Schema.php(192): yii\db\Schema->getTableMetadata('{{%migration}}', 'schema', true)
#9 /app/vendor/yiisoft/yii2/console/controllers/MigrateController.php(211): yii\db\Schema->getTableSchema('{{%migration}}', true)
#10 /app/vendor/yiisoft/yii2/console/controllers/BaseMigrateController.php(908): yii\console\controllers\MigrateController->getMigrationHistory(NULL)
#11 /app/vendor/yiisoft/yii2/console/controllers/BaseMigrateController.php(183): yii\console\controllers\BaseMigrateController->getNewMigrations()
#12 [internal function]: yii\console\controllers\BaseMigrateController->actionUp(0)
#13 /app/vendor/yiisoft/yii2/base/InlineAction.php(57): call_user_func_array(Array, Array)
#14 /app/vendor/yiisoft/yii2/base/Controller.php(178): yii\base\InlineAction->runWithParams(Array)
#15 /app/vendor/yiisoft/yii2/console/Controller.php(180): yii\base\Controller->runAction('', Array)
#16 /app/vendor/yiisoft/yii2/base/Module.php(552): yii\console\Controller->runAction('', Array)
#17 /app/vendor/yiisoft/yii2/console/Application.php(180): yii\base\Module->runAction('migrate', Array)
#18 /app/vendor/yiisoft/yii2/console/Application.php(147): yii\console\Application->runAction('migrate', Array)
#19 /app/vendor/yiisoft/yii2/base/Application.php(384): yii\console\Application->handleRequest(Object(yii\console\Request))
#20 /app/yii(20): yii\base\Application->run()
#21 {main}
Additional Information:
Array
(
    [0] => HY000
    [1] => 2002
    [2] => php_network_getaddresses: getaddrinfo failed: Temporary failure in name resolution
)

2024-07-26 19:13:01 [-][-][-][info][application] $_GET = []

$_POST = []

$_FILES = []

$_COOKIE = []

$_SERVER = [
    'DB_PASSWORD' => 'root'
    'MAIL_PORT' => '465'
    'PHP_ENABLE_XDEBUG' => '0'
    'HOST_URL_APP' => 'https://app.rtxoperacoes.com.br'
    'PHP_USER_ID' => '33'
    'HOSTNAME' => '6d44184038fb'
    'PHP_VERSION' => '7.4.33'
    'APACHE_CONFDIR' => '/etc/apache2'
    'PHP_INI_DIR' => '/usr/local/etc/php'
    'GPG_KEYS' => '42670A7FE4D0441C8E4632349E4FDC074A4EF02D 5A52880781F755608BF815FC910DEB46F53EA312'
    'DB_TABLE_PREFIX' => ''
    'PHP_LDFLAGS' => '-Wl,-O1 -pie'
    'PWD' => '/app'
    'IMAGEKIT_ENDPOINT_URL' => 'https://ik.imagekit.io/qqrtx9mgqo'
    'DB_PORT' => '3306'
    'HOME' => '/root'
    'IMAGEKIT_PUBLIC_KEY' => 'public_Hqt+AgHm0gjcWTX7lFzrSP0QwhE='
    'MAIL_USERNAME' => '1a46282950670c'
    'MAIL_PASSWORD' => 'dc79921eb2467d'
    'PHP_SHA256' => '924846abf93bc613815c55dd3f5809377813ac62a9ec4eb3778675b82a27b927'
    'PHPIZE_DEPS' => 'autoconf 		dpkg-dev 		file 		g++ 		gcc 		libc-dev 		make 		pkg-config 		re2c'
    'DB_USERNAME' => 'root'
    'HOST_URL_SITE' => 'https://rtxoperacoes.com.br'
    'TERM' => 'linux'
    'DB_DSN' => ''
    'DB_HOST' => 'backend-mysql-npx-1'
    'PHP_URL' => 'https://www.php.net/distributions/php-7.4.33.tar.xz'
    'ZAPSIGN_API_TOKEN' => 'ce4b6fff-8c8d-40a6-96ce-d3e1ec88bc89e78297c8-d73e-4318-bfe4-b350f1c45e82'
    'IMAGEKIT_PRIVATE_KEY' => 'private_saIi2s+t0MtdFSK3g4MCXBrA5is='
    'SHLVL' => '1'
    'COMPOSER_ALLOW_SUPERUSER' => '1'
    'PHP_CFLAGS' => '-fstack-protector-strong -fpic -fpie -O2 -D_LARGEFILE_SOURCE -D_FILE_OFFSET_BITS=64'
    'HOST_URL' => 'localhost:8000/contracts/'
    'APACHE_ENVVARS' => '/etc/apache2/envvars'
    'PATH' => '/app:/app/vendor/bin:/root/.composer/vendor/bin:/usr/local/sbin:/usr/local/bin:/usr/sbin:/usr/bin:/sbin:/bin'
    'MAIL_HOST' => 'sandbox.smtp.mailtrap.io'
    'DB_DATABASE' => 'MONACO'
    'PHP_ASC_URL' => 'https://www.php.net/distributions/php-7.4.33.tar.xz.asc'
    'PHP_CPPFLAGS' => '-fstack-protector-strong -fpic -fpie -O2 -D_LARGEFILE_SOURCE -D_FILE_OFFSET_BITS=64'
    '_' => './yii'
    'PHP_SELF' => './yii'
    'SCRIPT_NAME' => './yii'
    'SCRIPT_FILENAME' => './yii'
    'PATH_TRANSLATED' => './yii'
    'DOCUMENT_ROOT' => ''
    'REQUEST_TIME_FLOAT' => 1722021181.4656
    'REQUEST_TIME' => 1722021181
    'argv' => [
        0 => './yii'
        1 => 'migrate'
    ]
    'argc' => 2
]
2024-07-26 19:13:44 [-][-][-][error][yii\db\Exception] PDOException: PDO::__construct(): php_network_getaddresses: getaddrinfo failed: Temporary failure in name resolution in /app/vendor/yiisoft/yii2/db/Connection.php:722
Stack trace:
#0 /app/vendor/yiisoft/yii2/db/Connection.php(722): PDO->__construct('mysql:host=back...', 'root', 'root', NULL)
#1 /app/vendor/yiisoft/yii2/db/Connection.php(637): yii\db\Connection->createPdoInstance()
#2 /app/vendor/yiisoft/yii2/db/Connection.php(1067): yii\db\Connection->open()
#3 /app/vendor/yiisoft/yii2/db/Connection.php(1054): yii\db\Connection->getMasterPdo()
#4 /app/vendor/yiisoft/yii2/db/Command.php(261): yii\db\Connection->getSlavePdo(true)
#5 /app/vendor/yiisoft/yii2/db/Command.php(1181): yii\db\Command->prepare(true)
#6 /app/vendor/yiisoft/yii2/db/Command.php(417): yii\db\Command->queryInternal('fetchAll', NULL)
#7 /app/vendor/yiisoft/yii2/db/mysql/Schema.php(366): yii\db\Command->queryAll()
#8 /app/vendor/yiisoft/yii2/db/mysql/Schema.php(134): yii\db\mysql\Schema->findColumns(Object(yii\db\TableSchema))
#9 /app/vendor/yiisoft/yii2/db/Schema.php(756): yii\db\mysql\Schema->loadTableSchema('migration')
#10 /app/vendor/yiisoft/yii2/db/Schema.php(192): yii\db\Schema->getTableMetadata('{{%migration}}', 'schema', true)
#11 /app/vendor/yiisoft/yii2/console/controllers/MigrateController.php(211): yii\db\Schema->getTableSchema('{{%migration}}', true)
#12 /app/vendor/yiisoft/yii2/console/controllers/BaseMigrateController.php(908): yii\console\controllers\MigrateController->getMigrationHistory(NULL)
#13 /app/vendor/yiisoft/yii2/console/controllers/BaseMigrateController.php(183): yii\console\controllers\BaseMigrateController->getNewMigrations()
#14 [internal function]: yii\console\controllers\BaseMigrateController->actionUp(0)
#15 /app/vendor/yiisoft/yii2/base/InlineAction.php(57): call_user_func_array(Array, Array)
#16 /app/vendor/yiisoft/yii2/base/Controller.php(178): yii\base\InlineAction->runWithParams(Array)
#17 /app/vendor/yiisoft/yii2/console/Controller.php(180): yii\base\Controller->runAction('', Array)
#18 /app/vendor/yiisoft/yii2/base/Module.php(552): yii\console\Controller->runAction('', Array)
#19 /app/vendor/yiisoft/yii2/console/Application.php(180): yii\base\Module->runAction('migrate', Array)
#20 /app/vendor/yiisoft/yii2/console/Application.php(147): yii\console\Application->runAction('migrate', Array)
#21 /app/vendor/yiisoft/yii2/base/Application.php(384): yii\console\Application->handleRequest(Object(yii\console\Request))
#22 /app/yii(20): yii\base\Application->run()
#23 {main}

Next PDOException: SQLSTATE[HY000] [2002] php_network_getaddresses: getaddrinfo failed: Temporary failure in name resolution in /app/vendor/yiisoft/yii2/db/Connection.php:722
Stack trace:
#0 /app/vendor/yiisoft/yii2/db/Connection.php(722): PDO->__construct('mysql:host=back...', 'root', 'root', NULL)
#1 /app/vendor/yiisoft/yii2/db/Connection.php(637): yii\db\Connection->createPdoInstance()
#2 /app/vendor/yiisoft/yii2/db/Connection.php(1067): yii\db\Connection->open()
#3 /app/vendor/yiisoft/yii2/db/Connection.php(1054): yii\db\Connection->getMasterPdo()
#4 /app/vendor/yiisoft/yii2/db/Command.php(261): yii\db\Connection->getSlavePdo(true)
#5 /app/vendor/yiisoft/yii2/db/Command.php(1181): yii\db\Command->prepare(true)
#6 /app/vendor/yiisoft/yii2/db/Command.php(417): yii\db\Command->queryInternal('fetchAll', NULL)
#7 /app/vendor/yiisoft/yii2/db/mysql/Schema.php(366): yii\db\Command->queryAll()
#8 /app/vendor/yiisoft/yii2/db/mysql/Schema.php(134): yii\db\mysql\Schema->findColumns(Object(yii\db\TableSchema))
#9 /app/vendor/yiisoft/yii2/db/Schema.php(756): yii\db\mysql\Schema->loadTableSchema('migration')
#10 /app/vendor/yiisoft/yii2/db/Schema.php(192): yii\db\Schema->getTableMetadata('{{%migration}}', 'schema', true)
#11 /app/vendor/yiisoft/yii2/console/controllers/MigrateController.php(211): yii\db\Schema->getTableSchema('{{%migration}}', true)
#12 /app/vendor/yiisoft/yii2/console/controllers/BaseMigrateController.php(908): yii\console\controllers\MigrateController->getMigrationHistory(NULL)
#13 /app/vendor/yiisoft/yii2/console/controllers/BaseMigrateController.php(183): yii\console\controllers\BaseMigrateController->getNewMigrations()
#14 [internal function]: yii\console\controllers\BaseMigrateController->actionUp(0)
#15 /app/vendor/yiisoft/yii2/base/InlineAction.php(57): call_user_func_array(Array, Array)
#16 /app/vendor/yiisoft/yii2/base/Controller.php(178): yii\base\InlineAction->runWithParams(Array)
#17 /app/vendor/yiisoft/yii2/console/Controller.php(180): yii\base\Controller->runAction('', Array)
#18 /app/vendor/yiisoft/yii2/base/Module.php(552): yii\console\Controller->runAction('', Array)
#19 /app/vendor/yiisoft/yii2/console/Application.php(180): yii\base\Module->runAction('migrate', Array)
#20 /app/vendor/yiisoft/yii2/console/Application.php(147): yii\console\Application->runAction('migrate', Array)
#21 /app/vendor/yiisoft/yii2/base/Application.php(384): yii\console\Application->handleRequest(Object(yii\console\Request))
#22 /app/yii(20): yii\base\Application->run()
#23 {main}

Next yii\db\Exception: SQLSTATE[HY000] [2002] php_network_getaddresses: getaddrinfo failed: Temporary failure in name resolution in /app/vendor/yiisoft/yii2/db/Connection.php:648
Stack trace:
#0 /app/vendor/yiisoft/yii2/db/Connection.php(1067): yii\db\Connection->open()
#1 /app/vendor/yiisoft/yii2/db/Connection.php(1054): yii\db\Connection->getMasterPdo()
#2 /app/vendor/yiisoft/yii2/db/Command.php(261): yii\db\Connection->getSlavePdo(true)
#3 /app/vendor/yiisoft/yii2/db/Command.php(1181): yii\db\Command->prepare(true)
#4 /app/vendor/yiisoft/yii2/db/Command.php(417): yii\db\Command->queryInternal('fetchAll', NULL)
#5 /app/vendor/yiisoft/yii2/db/mysql/Schema.php(366): yii\db\Command->queryAll()
#6 /app/vendor/yiisoft/yii2/db/mysql/Schema.php(134): yii\db\mysql\Schema->findColumns(Object(yii\db\TableSchema))
#7 /app/vendor/yiisoft/yii2/db/Schema.php(756): yii\db\mysql\Schema->loadTableSchema('migration')
#8 /app/vendor/yiisoft/yii2/db/Schema.php(192): yii\db\Schema->getTableMetadata('{{%migration}}', 'schema', true)
#9 /app/vendor/yiisoft/yii2/console/controllers/MigrateController.php(211): yii\db\Schema->getTableSchema('{{%migration}}', true)
#10 /app/vendor/yiisoft/yii2/console/controllers/BaseMigrateController.php(908): yii\console\controllers\MigrateController->getMigrationHistory(NULL)
#11 /app/vendor/yiisoft/yii2/console/controllers/BaseMigrateController.php(183): yii\console\controllers\BaseMigrateController->getNewMigrations()
#12 [internal function]: yii\console\controllers\BaseMigrateController->actionUp(0)
#13 /app/vendor/yiisoft/yii2/base/InlineAction.php(57): call_user_func_array(Array, Array)
#14 /app/vendor/yiisoft/yii2/base/Controller.php(178): yii\base\InlineAction->runWithParams(Array)
#15 /app/vendor/yiisoft/yii2/console/Controller.php(180): yii\base\Controller->runAction('', Array)
#16 /app/vendor/yiisoft/yii2/base/Module.php(552): yii\console\Controller->runAction('', Array)
#17 /app/vendor/yiisoft/yii2/console/Application.php(180): yii\base\Module->runAction('migrate', Array)
#18 /app/vendor/yiisoft/yii2/console/Application.php(147): yii\console\Application->runAction('migrate', Array)
#19 /app/vendor/yiisoft/yii2/base/Application.php(384): yii\console\Application->handleRequest(Object(yii\console\Request))
#20 /app/yii(20): yii\base\Application->run()
#21 {main}
Additional Information:
Array
(
    [0] => HY000
    [1] => 2002
    [2] => php_network_getaddresses: getaddrinfo failed: Temporary failure in name resolution
)

2024-07-26 19:13:36 [-][-][-][info][application] $_GET = []

$_POST = []

$_FILES = []

$_COOKIE = []

$_SERVER = [
    'DB_PASSWORD' => 'root'
    'MAIL_PORT' => '465'
    'PHP_ENABLE_XDEBUG' => '0'
    'HOST_URL_APP' => 'https://app.rtxoperacoes.com.br'
    'PHP_USER_ID' => '33'
    'HOSTNAME' => '6d44184038fb'
    'PHP_VERSION' => '7.4.33'
    'APACHE_CONFDIR' => '/etc/apache2'
    'PHP_INI_DIR' => '/usr/local/etc/php'
    'GPG_KEYS' => '42670A7FE4D0441C8E4632349E4FDC074A4EF02D 5A52880781F755608BF815FC910DEB46F53EA312'
    'DB_TABLE_PREFIX' => ''
    'PHP_LDFLAGS' => '-Wl,-O1 -pie'
    'PWD' => '/app'
    'IMAGEKIT_ENDPOINT_URL' => 'https://ik.imagekit.io/qqrtx9mgqo'
    'DB_PORT' => '3306'
    'HOME' => '/root'
    'IMAGEKIT_PUBLIC_KEY' => 'public_Hqt+AgHm0gjcWTX7lFzrSP0QwhE='
    'MAIL_USERNAME' => '1a46282950670c'
    'MAIL_PASSWORD' => 'dc79921eb2467d'
    'PHP_SHA256' => '924846abf93bc613815c55dd3f5809377813ac62a9ec4eb3778675b82a27b927'
    'PHPIZE_DEPS' => 'autoconf 		dpkg-dev 		file 		g++ 		gcc 		libc-dev 		make 		pkg-config 		re2c'
    'DB_USERNAME' => 'root'
    'HOST_URL_SITE' => 'https://rtxoperacoes.com.br'
    'TERM' => 'linux'
    'DB_DSN' => ''
    'DB_HOST' => 'backend-mysql-npx-1'
    'PHP_URL' => 'https://www.php.net/distributions/php-7.4.33.tar.xz'
    'ZAPSIGN_API_TOKEN' => 'ce4b6fff-8c8d-40a6-96ce-d3e1ec88bc89e78297c8-d73e-4318-bfe4-b350f1c45e82'
    'IMAGEKIT_PRIVATE_KEY' => 'private_saIi2s+t0MtdFSK3g4MCXBrA5is='
    'SHLVL' => '1'
    'COMPOSER_ALLOW_SUPERUSER' => '1'
    'PHP_CFLAGS' => '-fstack-protector-strong -fpic -fpie -O2 -D_LARGEFILE_SOURCE -D_FILE_OFFSET_BITS=64'
    'HOST_URL' => 'localhost:8000/contracts/'
    'APACHE_ENVVARS' => '/etc/apache2/envvars'
    'PATH' => '/app:/app/vendor/bin:/root/.composer/vendor/bin:/usr/local/sbin:/usr/local/bin:/usr/sbin:/usr/bin:/sbin:/bin'
    'MAIL_HOST' => 'sandbox.smtp.mailtrap.io'
    'DB_DATABASE' => 'MONACO'
    'PHP_ASC_URL' => 'https://www.php.net/distributions/php-7.4.33.tar.xz.asc'
    'PHP_CPPFLAGS' => '-fstack-protector-strong -fpic -fpie -O2 -D_LARGEFILE_SOURCE -D_FILE_OFFSET_BITS=64'
    '_' => './yii'
    'PHP_SELF' => './yii'
    'SCRIPT_NAME' => './yii'
    'SCRIPT_FILENAME' => './yii'
    'PATH_TRANSLATED' => './yii'
    'DOCUMENT_ROOT' => ''
    'REQUEST_TIME_FLOAT' => 1722021216.4702
    'REQUEST_TIME' => 1722021216
    'argv' => [
        0 => './yii'
        1 => 'migrate'
    ]
    'argc' => 2
]
2024-08-11 21:44:38 [-][-][-][error][yii\console\UnknownCommandException] yii\base\InvalidRouteException: Unable to resolve the request: migrate/rwdo in /app/vendor/yiisoft/yii2/base/Controller.php:149
Stack trace:
#0 /app/vendor/yiisoft/yii2/console/Controller.php(180): yii\base\Controller->runAction('rwdo', Array)
#1 /app/vendor/yiisoft/yii2/base/Module.php(552): yii\console\Controller->runAction('rwdo', Array)
#2 /app/vendor/yiisoft/yii2/console/Application.php(180): yii\base\Module->runAction('migrate/rwdo', Array)
#3 /app/vendor/yiisoft/yii2/console/Application.php(147): yii\console\Application->runAction('migrate/rwdo', Array)
#4 /app/vendor/yiisoft/yii2/base/Application.php(384): yii\console\Application->handleRequest(Object(yii\console\Request))
#5 /app/yii(20): yii\base\Application->run()
#6 {main}

Next yii\console\UnknownCommandException: Unknown command "migrate/rwdo". in /app/vendor/yiisoft/yii2/console/Application.php:183
Stack trace:
#0 /app/vendor/yiisoft/yii2/console/Application.php(147): yii\console\Application->runAction('migrate/rwdo', Array)
#1 /app/vendor/yiisoft/yii2/base/Application.php(384): yii\console\Application->handleRequest(Object(yii\console\Request))
#2 /app/yii(20): yii\base\Application->run()
#3 {main}
2024-08-11 21:44:38 [-][-][-][info][application] $_GET = []

$_POST = []

$_FILES = []

$_COOKIE = []

$_SERVER = [
    'DB_PASSWORD' => 'root'
    'MAIL_PORT' => '465'
    'EMAIL_NO_REPLAY' => 'no-reply@monacobank.com.br'
    'PHP_ENABLE_XDEBUG' => '0'
    'HOST_URL_APP' => 'https://monaco-bank.vercel.app'
    'PHP_USER_ID' => '33'
    'HOSTNAME' => '2b281e77ae21'
    'PHP_VERSION' => '7.4.33'
    'APACHE_CONFDIR' => '/etc/apache2'
    'PHP_INI_DIR' => '/usr/local/etc/php'
    'GPG_KEYS' => '42670A7FE4D0441C8E4632349E4FDC074A4EF02D 5A52880781F755608BF815FC910DEB46F53EA312'
    'DB_TABLE_PREFIX' => ''
    'PHP_LDFLAGS' => '-Wl,-O1 -pie'
    'PWD' => '/app'
    'IMAGEKIT_ENDPOINT_URL' => 'https://ik.imagekit.io/qqrtx9mgqo'
    'DB_PORT' => '3306'
    'HOME' => '/root'
    'IMAGEKIT_PUBLIC_KEY' => 'public_Hqt+AgHm0gjcWTX7lFzrSP0QwhE='
    'MAIL_USERNAME' => '1a46282950670c'
    'MAIL_PASSWORD' => 'dc79921eb2467d'
    'PHP_SHA256' => '924846abf93bc613815c55dd3f5809377813ac62a9ec4eb3778675b82a27b927'
    'PHPIZE_DEPS' => 'autoconf 		dpkg-dev 		file 		g++ 		gcc 		libc-dev 		make 		pkg-config 		re2c'
    'DB_USERNAME' => 'root'
    'HOST_URL_SITE' => 'https://monaco-bank.vercel.app'
    'TERM' => 'linux'
    'DB_DSN' => ''
    'DB_HOST' => 'api2-mysql-1'
    'PHP_URL' => 'https://www.php.net/distributions/php-7.4.33.tar.xz'
    'ZAPSIGN_API_TOKEN' => 'ce4b6fff-8c8d-40a6-96ce-d3e1ec88bc89e78297c8-d73e-4318-bfe4-b350f1c45e82'
    'IMAGEKIT_PRIVATE_KEY' => 'private_saIi2s+t0MtdFSK3g4MCXBrA5is='
    'SHLVL' => '1'
    'COMPOSER_ALLOW_SUPERUSER' => '1'
    'PHP_CFLAGS' => '-fstack-protector-strong -fpic -fpie -O2 -D_LARGEFILE_SOURCE -D_FILE_OFFSET_BITS=64'
    'HOST_URL' => 'localhost:8000/contracts/'
    'APACHE_ENVVARS' => '/etc/apache2/envvars'
    'PATH' => '/app:/app/vendor/bin:/root/.composer/vendor/bin:/usr/local/sbin:/usr/local/bin:/usr/sbin:/usr/bin:/sbin:/bin'
    'MAIL_HOST' => 'sandbox.smtp.mailtrap.io'
    'DB_DATABASE' => 'MONACO'
    'PHP_ASC_URL' => 'https://www.php.net/distributions/php-7.4.33.tar.xz.asc'
    'PHP_CPPFLAGS' => '-fstack-protector-strong -fpic -fpie -O2 -D_LARGEFILE_SOURCE -D_FILE_OFFSET_BITS=64'
    '_' => './yii'
    'PHP_SELF' => './yii'
    'SCRIPT_NAME' => './yii'
    'SCRIPT_FILENAME' => './yii'
    'PATH_TRANSLATED' => './yii'
    'DOCUMENT_ROOT' => ''
    'REQUEST_TIME_FLOAT' => 1723412678.6739
    'REQUEST_TIME' => 1723412678
    'argv' => [
        0 => './yii'
        1 => 'migrate/rwdo'
    ]
    'argc' => 2
]
